[2019-01-10 01:51:51] request.CRITICAL: Uncaught PHP Exception Symfony\Component\Debug\Exception\FatalErrorException: "Compile Error: Cannot declare class JmsAddonCategoryShow2, because the name is already in use" at D:\xamppp\htdocs\jms_extron\modules\jmspagebuilder\addons\addoncategoryshow2_bk.php line 138 {"exception":"[object] (Symfony\\Component\\Debug\\Exception\\FatalErrorException(code: 0): Compile Error: Cannot declare class JmsAddonCategoryShow2, because the name is already in use at D:\\xamppp\\htdocs\\jms_extron\\modules\\jmspagebuilder\\addons\\addoncategoryshow2_bk.php:138)"} []
[2019-01-10 01:52:02] request.CRITICAL: Uncaught PHP Exception Symfony\Component\Debug\Exception\FatalErrorException: "Compile Error: Cannot declare class JmsAddonCategoryShow2, because the name is already in use" at D:\xamppp\htdocs\jms_extron\modules\jmspagebuilder\addons\addoncategoryshow2_bk.php line 138 {"exception":"[object] (Symfony\\Component\\Debug\\Exception\\FatalErrorException(code: 0): Compile Error: Cannot declare class JmsAddonCategoryShow2, because the name is already in use at D:\\xamppp\\htdocs\\jms_extron\\modules\\jmspagebuilder\\addons\\addoncategoryshow2_bk.php:138)"} []
[2019-01-10 01:52:05] request.CRITICAL: Uncaught PHP Exception Symfony\Component\Debug\Exception\FatalErrorException: "Compile Error: Cannot declare class JmsAddonCategoryShow2, because the name is already in use" at D:\xamppp\htdocs\jms_extron\modules\jmspagebuilder\addons\addoncategoryshow2_bk.php line 138 {"exception":"[object] (Symfony\\Component\\Debug\\Exception\\FatalErrorException(code: 0): Compile Error: Cannot declare class JmsAddonCategoryShow2, because the name is already in use at D:\\xamppp\\htdocs\\jms_extron\\modules\\jmspagebuilder\\addons\\addoncategoryshow2_bk.php:138)"} []
[2019-01-10 01:52:08] request.CRITICAL: Uncaught PHP Exception Symfony\Component\Debug\Exception\FatalErrorException: "Compile Error: Cannot declare class JmsAddonCategoryShow2, because the name is already in use" at D:\xamppp\htdocs\jms_extron\modules\jmspagebuilder\addons\addoncategoryshow2_bk.php line 138 {"exception":"[object] (Symfony\\Component\\Debug\\Exception\\FatalErrorException(code: 0): Compile Error: Cannot declare class JmsAddonCategoryShow2, because the name is already in use at D:\\xamppp\\htdocs\\jms_extron\\modules\\jmspagebuilder\\addons\\addoncategoryshow2_bk.php:138)"} []
[2019-01-10 01:54:51] request.CRITICAL: Uncaught PHP Exception Symfony\Component\Debug\Exception\FatalErrorException: "Compile Error: Cannot declare class JmsAddonCategoryShow2, because the name is already in use" at D:\xamppp\htdocs\jms_extron\modules\jmspagebuilder\addons\addoncategoryshow2_bk.php line 138 {"exception":"[object] (Symfony\\Component\\Debug\\Exception\\FatalErrorException(code: 0): Compile Error: Cannot declare class JmsAddonCategoryShow2, because the name is already in use at D:\\xamppp\\htdocs\\jms_extron\\modules\\jmspagebuilder\\addons\\addoncategoryshow2_bk.php:138)"} []
[2019-01-21 21:35:59] request.INFO: Matched route "admin_module_manage". {"route":"admin_module_manage","route_parameters":{"category":null,"keyword":null,"_controller":"PrestaShopBundle\\Controller\\Admin\\Improve\\ModuleController::manageAction","_legacy_controller":"AdminModulesManage","_legacy_link":["AdminModulesManage","AdminModulesSf"],"_route":"admin_module_manage"},"request_uri":"http://localhost/jms_extron/admin953iqmwgj/index.php/improve/modules/manage?_token=t5BtZX3GNkENynx_BcuAjRnNV-6tSM5A2eOZm4ndqLE","method":"GET"} []
[2019-01-21 21:35:59] security.INFO: Populated the TokenStorage with an anonymous Token. [] []
[2019-01-21 21:36:04] app.ERROR: Data from PrestaShop Addons is invalid, and cannot fallback on cache.  {"exception":"cURL error 28: Operation timed out after 5008 milliseconds with 0 out of 0 bytes received"} []
[2019-01-21 21:36:04] security.DEBUG: Stored the security token in the session. {"key":"_security_main"} []
[2019-01-27 23:44:02] request.INFO: Matched route "admin_product_form". {"route":"admin_product_form","route_parameters":{"_controller":"PrestaShopBundle\\Controller\\Admin\\ProductController::formAction","_legacy_controller":"AdminProducts","_legacy_param_mapper_class":"PrestaShop\\PrestaShop\\Adapter\\Product\\AdminProductDataProvider","_legacy_param_mapper_method":"mapLegacyParametersProductForm","id":"31","_route":"admin_product_form"},"request_uri":"http://localhost/jms_extron/admin953iqmwgj/index.php/sell/catalog/products/31?_token=hMCD-ayVJzZVFYxCImcOie7xkm52_ViRk6ZDWCGPBxw","method":"GET"} []
[2019-01-27 23:44:02] security.DEBUG: Read existing security token from the session. {"key":"_security_main","token_class":"Symfony\\Component\\Security\\Core\\Authentication\\Token\\UsernamePasswordToken"} []
[2019-01-27 23:44:02] security.DEBUG: User was reloaded from a user provider. {"provider":"PrestaShopBundle\\Security\\Admin\\EmployeeProvider","username":"admin@admin.com"} []
[2019-01-27 23:44:08] app.ERROR: Data from PrestaShop Addons is invalid, and cannot fallback on cache.  {"exception":"cURL error 28: Operation timed out after 5007 milliseconds with 456439059447808 bytes received"} []
[2019-01-27 23:44:08] security.DEBUG: Stored the security token in the session. {"key":"_security_main"} []
[2019-01-28 02:53:28] request.INFO: Matched route "admin_product_form". {"route":"admin_product_form","route_parameters":{"_controller":"PrestaShopBundle\\Controller\\Admin\\ProductController::formAction","_legacy_controller":"AdminProducts","_legacy_param_mapper_class":"PrestaShop\\PrestaShop\\Adapter\\Product\\AdminProductDataProvider","_legacy_param_mapper_method":"mapLegacyParametersProductForm","id":"31","_route":"admin_product_form"},"request_uri":"http://localhost/jms_extron/admin953iqmwgj/index.php/sell/catalog/products/31?_token=hMCD-ayVJzZVFYxCImcOie7xkm52_ViRk6ZDWCGPBxw","method":"GET"} []
[2019-01-28 02:53:28] security.DEBUG: Read existing security token from the session. {"key":"_security_main","token_class":"Symfony\\Component\\Security\\Core\\Authentication\\Token\\UsernamePasswordToken"} []
[2019-01-28 02:53:28] security.DEBUG: User was reloaded from a user provider. {"provider":"PrestaShopBundle\\Security\\Admin\\EmployeeProvider","username":"admin@admin.com"} []
[2019-01-28 02:53:34] app.ERROR: Data from PrestaShop Addons is invalid, and cannot fallback on cache.  {"exception":"cURL error 28: Operation timed out after 5008 milliseconds with 273520697278464 bytes received"} []
[2019-01-28 02:53:34] security.DEBUG: Stored the security token in the session. {"key":"_security_main"} []
[2019-01-31 03:36:42] request.CRITICAL: Uncaught PHP Exception SmartyException: "unable to write file D:\xamppp\htdocs\jms_extron\var\cache\prod\smarty\compile\7f\b1\38\7fb13884e484938e3ad75c74c353b8e7db940f3d_0.file.end.tpl.php" at D:\xamppp\htdocs\jms_extron\vendor\smarty\smarty\libs\sysplugins\smarty_internal_runtime_writefile.php line 90 {"exception":"[object] (SmartyException(code: 0): unable to write file D:\\xamppp\\htdocs\\jms_extron\\var\\cache\\prod\\smarty\\compile\\7f\\b1\\38\\7fb13884e484938e3ad75c74c353b8e7db940f3d_0.file.end.tpl.php at D:\\xamppp\\htdocs\\jms_extron\\vendor\\smarty\\smarty\\libs\\sysplugins\\smarty_internal_runtime_writefile.php:90)"} []
[2019-02-10 21:45:58] request.CRITICAL: Uncaught PHP Exception Symfony\Component\Debug\Exception\FatalErrorException: "Compile Error: Cannot redeclare JmsFlashSales::hookFooter()" at D:\xamppp\htdocs\jms_extron\modules\jmsflashsales\jmsflashsales.php line 1088 {"exception":"[object] (Symfony\\Component\\Debug\\Exception\\FatalErrorException(code: 0): Compile Error: Cannot redeclare JmsFlashSales::hookFooter() at D:\\xamppp\\htdocs\\jms_extron\\modules\\jmsflashsales\\jmsflashsales.php:1088)"} []
[2019-02-10 21:46:01] request.CRITICAL: Uncaught PHP Exception Symfony\Component\Debug\Exception\FatalErrorException: "Compile Error: Cannot redeclare JmsFlashSales::hookFooter()" at D:\xamppp\htdocs\jms_extron\modules\jmsflashsales\jmsflashsales.php line 1088 {"exception":"[object] (Symfony\\Component\\Debug\\Exception\\FatalErrorException(code: 0): Compile Error: Cannot redeclare JmsFlashSales::hookFooter() at D:\\xamppp\\htdocs\\jms_extron\\modules\\jmsflashsales\\jmsflashsales.php:1088)"} []
[2019-02-19 02:07:43] request.INFO: Matched route "admin_module_manage". {"route":"admin_module_manage","route_parameters":{"category":null,"keyword":null,"_controller":"PrestaShopBundle\\Controller\\Admin\\Improve\\ModuleController::manageAction","_legacy_controller":"AdminModulesManage","_legacy_link":["AdminModulesManage","AdminModulesSf"],"_route":"admin_module_manage"},"request_uri":"http://localhost/jms_extron/admin953iqmwgj/index.php/improve/modules/manage?_token=wTC4TatH9zQP5A8qWMYVPvgCf3AwIYjfqlETgOk4n7s","method":"GET"} []
[2019-02-19 02:07:43] security.INFO: Populated the TokenStorage with an anonymous Token. [] []
[2019-02-19 02:07:49] app.ERROR: Data from PrestaShop Addons is invalid, and cannot fallback on cache.  {"exception":"cURL error 28: Connection timed out after 5007 milliseconds"} []
[2019-02-19 02:07:49] security.DEBUG: Stored the security token in the session. {"key":"_security_main"} []
[2019-02-19 02:07:51] request.INFO: Matched route "admin_module_notification_count". {"route":"admin_module_notification_count","route_parameters":{"_controller":"PrestaShopBundle\\Controller\\Admin\\Improve\\Modules\\AlertsController::notificationsCountAction","_legacy_controller":"AdminModulesNotifications","_legacy_link":"AdminModulesNotifications:count","_route":"admin_module_notification_count"},"request_uri":"http://localhost/jms_extron/admin953iqmwgj/index.php/improve/modules/alerts/count?_token=wTC4TatH9zQP5A8qWMYVPvgCf3AwIYjfqlETgOk4n7s","method":"GET"} []
[2019-02-19 02:07:51] security.DEBUG: Read existing security token from the session. {"key":"_security_main","token_class":"Symfony\\Component\\Security\\Core\\Authentication\\Token\\UsernamePasswordToken"} []
[2019-02-19 02:07:51] security.DEBUG: User was reloaded from a user provider. {"provider":"PrestaShopBundle\\Security\\Admin\\EmployeeProvider","username":"admin@admin.com"} []
[2019-02-19 02:07:56] app.ERROR: Data from PrestaShop Addons is invalid, and cannot fallback on cache.  {"exception":"cURL error 28: Operation timed out after 5008 milliseconds with 0 out of 0 bytes received"} []
[2019-02-19 02:07:57] security.DEBUG: Stored the security token in the session. {"key":"_security_main"} []
[2019-02-19 02:08:25] request.INFO: Matched route "admin_module_configure_action". {"route":"admin_module_configure_action","route_parameters":{"_controller":"PrestaShopBundle\\Controller\\Admin\\Improve\\ModuleController::configureModuleAction","_legacy_controller":"AdminModules","module_name":"jmsflashsales","_route":"admin_module_configure_action"},"request_uri":"http://localhost/jms_extron/admin953iqmwgj/index.php/improve/modules/manage/action/configure/jmsflashsales?_token=wTC4TatH9zQP5A8qWMYVPvgCf3AwIYjfqlETgOk4n7s","method":"GET"} []
[2019-02-19 02:08:25] security.DEBUG: Read existing security token from the session. {"key":"_security_main","token_class":"Symfony\\Component\\Security\\Core\\Authentication\\Token\\UsernamePasswordToken"} []
[2019-02-19 02:08:25] security.DEBUG: User was reloaded from a user provider. {"provider":"PrestaShopBundle\\Security\\Admin\\EmployeeProvider","username":"admin@admin.com"} []
[2019-02-19 02:08:31] app.ERROR: Data from PrestaShop Addons is invalid, and cannot fallback on cache.  {"exception":"cURL error 28: Operation timed out after 5008 milliseconds with 0 out of 0 bytes received"} []
[2019-02-19 02:08:31] security.DEBUG: Stored the security token in the session. {"key":"_security_main"} []
[2019-04-01 22:17:32] request.INFO: Matched route "admin_product_form". {"route":"admin_product_form","route_parameters":{"_controller":"PrestaShopBundle\\Controller\\Admin\\ProductController::formAction","_legacy_controller":"AdminProducts","_legacy_param_mapper_class":"PrestaShop\\PrestaShop\\Adapter\\Product\\AdminProductDataProvider","_legacy_param_mapper_method":"mapLegacyParametersProductForm","id":"20","_route":"admin_product_form"},"request_uri":"http://localhost/jms_extron/admin953iqmwgj/index.php/sell/catalog/products/20?_token=o6KWl7w5f3YihZps1BC8K_OqDfrTQLBITD_2DUi3Ay8","method":"GET"} []
[2019-04-01 22:17:32] security.DEBUG: Read existing security token from the session. {"key":"_security_main","token_class":"Symfony\\Component\\Security\\Core\\Authentication\\Token\\UsernamePasswordToken"} []
[2019-04-01 22:17:32] security.DEBUG: User was reloaded from a user provider. {"provider":"PrestaShopBundle\\Security\\Admin\\EmployeeProvider","username":"admin@admin.com"} []
[2019-04-01 22:17:38] app.ERROR: Data from PrestaShop Addons is invalid, and cannot fallback on cache.  {"exception":"cURL error 28: Operation timed out after 5008 milliseconds with 956347482898432 bytes received"} []
[2019-04-01 22:17:38] security.DEBUG: Stored the security token in the session. {"key":"_security_main"} []
[2019-04-17 00:37:52] app.ERROR: Data from PrestaShop Addons is invalid, and cannot fallback on cache.  {"exception":"cURL error 28: Operation timed out after 5008 milliseconds with 0 bytes received"} []
[2019-04-17 00:38:32] request.INFO: Matched route "admin_module_configure_action". {"route":"admin_module_configure_action","route_parameters":{"_controller":"PrestaShopBundle\\Controller\\Admin\\Improve\\ModuleController::configureModuleAction","_legacy_controller":"AdminModules","module_name":"jmsslider","_route":"admin_module_configure_action"},"request_uri":"http://localhost/jms_extron/admin953iqmwgj/index.php/improve/modules/manage/action/configure/jmsslider?_token=HerNRKAaImTVFtiuY6VJV29_LX6XJ54U5vx9XLC75lw","method":"GET"} []
[2019-04-17 00:38:32] security.DEBUG: Read existing security token from the session. {"key":"_security_main","token_class":"Symfony\\Component\\Security\\Core\\Authentication\\Token\\UsernamePasswordToken"} []
[2019-04-17 00:38:32] security.DEBUG: User was reloaded from a user provider. {"provider":"PrestaShopBundle\\Security\\Admin\\EmployeeProvider","username":"admin@admin.com"} []
[2019-04-17 00:38:37] app.ERROR: Data from PrestaShop Addons is invalid, and cannot fallback on cache.  {"exception":"cURL error 28: Operation timed out after 5007 milliseconds with 885978738720768 bytes received"} []
[2019-04-17 00:38:37] security.DEBUG: Stored the security token in the session. {"key":"_security_main"} []
[2019-04-21 21:40:45] request.INFO: Matched route "admin_module_manage". {"route":"admin_module_manage","route_parameters":{"category":null,"keyword":null,"_controller":"PrestaShopBundle\\Controller\\Admin\\Improve\\ModuleController::manageAction","_legacy_controller":"AdminModulesManage","_legacy_link":["AdminModulesManage","AdminModulesSf"],"_route":"admin_module_manage"},"request_uri":"http://localhost/jms_extron/admin953iqmwgj/index.php/improve/modules/manage?_token=o2JFmA_HnFRAD6_3p1_VOitumg2-8h63FhoVXeE32p0","method":"GET"} []
[2019-04-21 21:40:45] security.INFO: Populated the TokenStorage with an anonymous Token. [] []
[2019-04-21 21:40:50] app.ERROR: Data from PrestaShop Addons is invalid, and cannot fallback on cache.  {"exception":"cURL error 28: Operation timed out after 5008 milliseconds with 962566595543040 bytes received"} []
[2019-04-21 21:40:51] security.DEBUG: Stored the security token in the session. {"key":"_security_main"} []
[2019-05-03 23:04:15] request.INFO: Matched route "admin_module_manage". {"route":"admin_module_manage","route_parameters":{"category":null,"keyword":null,"_controller":"PrestaShopBundle\\Controller\\Admin\\Improve\\ModuleController::manageAction","_legacy_controller":"AdminModulesManage","_legacy_link":["AdminModulesManage","AdminModulesSf"],"_route":"admin_module_manage"},"request_uri":"http://localhost/jms_extron/admin953iqmwgj/index.php/improve/modules/manage?_token=uE5WdgzACJKqvnb7z3rycpZiSNVdlJP-Eqj0ZGIeWl0","method":"GET"} []
[2019-05-03 23:04:15] security.DEBUG: Read existing security token from the session. {"key":"_security_main","token_class":"Symfony\\Component\\Security\\Core\\Authentication\\Token\\UsernamePasswordToken"} []
[2019-05-03 23:04:15] security.DEBUG: User was reloaded from a user provider. {"provider":"PrestaShopBundle\\Security\\Admin\\EmployeeProvider","username":"admin@admin.com"} []
[2019-05-03 23:04:20] app.ERROR: Data from PrestaShop Addons is invalid, and cannot fallback on cache.  {"exception":"cURL error 28: Operation timed out after 5008 milliseconds with 585502826692608 bytes received"} []
[2019-05-03 23:04:22] security.DEBUG: Stored the security token in the session. {"key":"_security_main"} []
[2019-05-03 23:04:53] request.INFO: Matched route "admin_module_configure_action". {"route":"admin_module_configure_action","route_parameters":{"_controller":"PrestaShopBundle\\Controller\\Admin\\Improve\\ModuleController::configureModuleAction","_legacy_controller":"AdminModules","module_name":"jmsslider","_route":"admin_module_configure_action"},"request_uri":"http://localhost/jms_extron/admin953iqmwgj/index.php/improve/modules/manage/action/configure/jmsslider?_token=uE5WdgzACJKqvnb7z3rycpZiSNVdlJP-Eqj0ZGIeWl0","method":"GET"} []
[2019-05-03 23:04:53] security.DEBUG: Read existing security token from the session. {"key":"_security_main","token_class":"Symfony\\Component\\Security\\Core\\Authentication\\Token\\UsernamePasswordToken"} []
[2019-05-03 23:04:53] security.DEBUG: User was reloaded from a user provider. {"provider":"PrestaShopBundle\\Security\\Admin\\EmployeeProvider","username":"admin@admin.com"} []
[2019-05-03 23:04:59] app.ERROR: Data from PrestaShop Addons is invalid, and cannot fallback on cache.  {"exception":"cURL error 28: Operation timed out after 5007 milliseconds with 776680410972160 bytes received"} []
[2019-05-03 23:04:59] security.DEBUG: Stored the security token in the session. {"key":"_security_main"} []
[2019-05-03 23:12:39] request.CRITICAL: Uncaught PHP Exception Symfony\Component\Debug\Exception\UndefinedMethodException: "Attempted to call an undefined method named "update" of class "stdClass"." at D:\xamppp\htdocs\jms_extron\modules\jmsslider\LayerObject.php line 103 {"exception":"[object] (Symfony\\Component\\Debug\\Exception\\UndefinedMethodException(code: 0): Attempted to call an undefined method named \"update\" of class \"stdClass\". at D:\\xamppp\\htdocs\\jms_extron\\modules\\jmsslider\\LayerObject.php:103)"} []
[2019-05-03 23:12:43] request.CRITICAL: Uncaught PHP Exception Symfony\Component\Debug\Exception\UndefinedMethodException: "Attempted to call an undefined method named "update" of class "stdClass"." at D:\xamppp\htdocs\jms_extron\modules\jmsslider\LayerObject.php line 103 {"exception":"[object] (Symfony\\Component\\Debug\\Exception\\UndefinedMethodException(code: 0): Attempted to call an undefined method named \"update\" of class \"stdClass\". at D:\\xamppp\\htdocs\\jms_extron\\modules\\jmsslider\\LayerObject.php:103)"} []
[2019-05-05 21:46:15] request.INFO: Matched route "admin_module_manage". {"route":"admin_module_manage","route_parameters":{"category":null,"keyword":null,"_controller":"PrestaShopBundle\\Controller\\Admin\\Improve\\ModuleController::manageAction","_legacy_controller":"AdminModulesManage","_legacy_link":["AdminModulesManage","AdminModulesSf"],"_route":"admin_module_manage"},"request_uri":"http://localhost/jms_extron/admin953iqmwgj/index.php/improve/modules/manage?_token=yKeJkfq8qTLmExTilhDsjOgSIxad-DAeji42JubyTa8","method":"GET"} []
[2019-05-05 21:46:15] security.INFO: Populated the TokenStorage with an anonymous Token. [] []
[2019-05-05 21:46:20] app.ERROR: Data from PrestaShop Addons is invalid, and cannot fallback on cache.  {"exception":"cURL error 28: Operation timed out after 5007 milliseconds with 1218821524291584 bytes received"} []
[2019-05-05 21:46:21] security.DEBUG: Stored the security token in the session. {"key":"_security_main"} []
[2019-05-05 21:46:24] request.INFO: Matched route "admin_module_notification_count". {"route":"admin_module_notification_count","route_parameters":{"_controller":"PrestaShopBundle\\Controller\\Admin\\Improve\\Modules\\AlertsController::notificationsCountAction","_legacy_controller":"AdminModulesNotifications","_legacy_link":"AdminModulesNotifications:count","_route":"admin_module_notification_count"},"request_uri":"http://localhost/jms_extron/admin953iqmwgj/index.php/improve/modules/alerts/count?_token=yKeJkfq8qTLmExTilhDsjOgSIxad-DAeji42JubyTa8","method":"GET"} []
[2019-05-05 21:46:24] security.DEBUG: Read existing security token from the session. {"key":"_security_main","token_class":"Symfony\\Component\\Security\\Core\\Authentication\\Token\\UsernamePasswordToken"} []
[2019-05-05 21:46:24] security.DEBUG: User was reloaded from a user provider. {"provider":"PrestaShopBundle\\Security\\Admin\\EmployeeProvider","username":"admin@admin.com"} []
[2019-05-05 21:46:29] app.ERROR: Data from PrestaShop Addons is invalid, and cannot fallback on cache.  {"exception":"cURL error 28: Operation timed out after 5008 milliseconds with 821829107187712 bytes received"} []
[2019-05-05 21:46:30] security.DEBUG: Stored the security token in the session. {"key":"_security_main"} []
[2019-05-05 21:46:47] request.INFO: Matched route "admin_module_configure_action". {"route":"admin_module_configure_action","route_parameters":{"_controller":"PrestaShopBundle\\Controller\\Admin\\Improve\\ModuleController::configureModuleAction","_legacy_controller":"AdminModules","module_name":"jmsslider","_route":"admin_module_configure_action"},"request_uri":"http://localhost/jms_extron/admin953iqmwgj/index.php/improve/modules/manage/action/configure/jmsslider?_token=yKeJkfq8qTLmExTilhDsjOgSIxad-DAeji42JubyTa8","method":"GET"} []
[2019-05-05 21:46:47] security.DEBUG: Read existing security token from the session. {"key":"_security_main","token_class":"Symfony\\Component\\Security\\Core\\Authentication\\Token\\UsernamePasswordToken"} []
[2019-05-05 21:46:47] security.DEBUG: User was reloaded from a user provider. {"provider":"PrestaShopBundle\\Security\\Admin\\EmployeeProvider","username":"admin@admin.com"} []
[2019-05-05 21:46:52] app.ERROR: Data from PrestaShop Addons is invalid, and cannot fallback on cache.  {"exception":"cURL error 28: Operation timed out after 5007 milliseconds with 508025911640064 bytes received"} []
[2019-05-05 21:46:52] security.DEBUG: Stored the security token in the session. {"key":"_security_main"} []
